{"time": "2026-05-14 01:48:28", "event": "play_start", "mode": "仿真", "action_name": "recorded_pose_sequence", "loop": false}
{"time": "2026-05-14 01:48:28", "event": "play_pose", "mode": "仿真", "action_name": "recorded_pose_sequence", "pose_index": 1, "frame_index": 1, "frame_count": 1, "targets_deg": {"shoulder_pan": 0.0, "shoulder_lift": 0.0, "elbow_flex": 0.0, "wrist_flex": 0.0, "wrist_roll": 0.0}, "multi_turn_targets_continuous_raw": {"shoulder_lift": 0.0, "elbow_flex": 0.0, "wrist_roll": 0.0}, "ok": true, "message": "移动成功。"}
{"time": "2026-05-14 01:48:28", "event": "play_start", "mode": "仿真", "action_name": "夹爪测试", "loop": false}
{"time": "2026-05-14 01:48:28", "event": "play_pose", "mode": "仿真", "action_name": "夹爪测试", "pose_index": 1, "frame_index": 1, "frame_count": 1, "targets_deg": {"shoulder_pan": 0.0, "shoulder_lift": 0.0, "elbow_flex": 0.0, "wrist_flex": 0.0, "wrist_roll": 0.0}, "multi_turn_targets_continuous_raw": {"shoulder_lift": 0.0, "elbow_flex": 0.0, "wrist_roll": 0.0}, "ok": true, "message": "移动成功。"}
{"time": "2026-05-14 01:48:28", "event": "play_start", "mode": "仿真", "action_name": "暂停停止测试", "loop": false}
{"time": "2026-05-14 01:48:28", "event": "play_pose", "mode": "仿真", "action_name": "暂停停止测试", "pose_index": 1, "frame_index": 1, "frame_count": 2, "targets_deg": {"shoulder_pan": -15.0, "shoulder_lift": -15.0, "elbow_flex": -15.0, "wrist_flex": -15.0, "wrist_roll": -15.0}, "multi_turn_targets_continuous_raw": null, "ok": true, "message": "移动成功。"}
{"time": "2026-05-14 01:48:28", "event": "pause", "action_name": "暂停停止测试"}
{"time": "2026-05-14 01:48:29", "event": "gripper", "pose_index": 1, "gripper_target": {"available": true, "present_raw": 1200, "open_ratio": 0.1, "open_percent": 10}, "ok": true, "message": "夹爪已设置为 10。"}
{"time": "2026-05-14 01:48:29", "event": "play_pose", "mode": "仿真", "action_name": "夹爪测试", "pose_index": 1, "frame_index": 1, "frame_count": 1, "targets_deg": {"shoulder_pan": 0.0, "shoulder_lift": 0.0, "elbow_flex": 0.0, "wrist_flex": 0.0, "wrist_roll": 0.0}, "multi_turn_targets_continuous_raw": {"shoulder_lift": 0.0, "elbow_flex": 0.0, "wrist_roll": 0.0}, "ok": true, "message": "移动成功。"}
{"time": "2026-05-14 01:48:29", "event": "resume", "action_name": "暂停停止测试"}
{"time": "2026-05-14 01:48:29", "event": "play_pose", "mode": "仿真", "action_name": "暂停停止测试", "pose_index": 1, "frame_index": 2, "frame_count": 2, "targets_deg": {"shoulder_pan": 0.0, "shoulder_lift": 0.0, "elbow_flex": 0.0, "wrist_flex": 0.0, "wrist_roll": 0.0}, "multi_turn_targets_continuous_raw": {"shoulder_lift": 0.0, "elbow_flex": 0.0, "wrist_roll": 0.0}, "ok": true, "message": "移动成功。"}
{"time": "2026-05-14 01:48:29", "event": "gripper", "pose_index": 1, "gripper_target": {"available": true, "present_raw": 1200, "open_ratio": 0.1, "open_percent": 10}, "ok": true, "message": "夹爪已设置为 10。"}
{"time": "2026-05-14 01:48:29", "event": "stop", "action_name": "暂停停止测试", "ok": true, "message": "仿真已停止。"}
{"time": "2026-05-14 01:48:29", "event": "gripper", "pose_index": 1, "gripper_target": {"available": true, "present_raw": 2000, "open_ratio": 0.5, "open_percent": 50}, "ok": true, "message": "夹爪已设置为 50。"}
{"time": "2026-05-14 01:48:29", "event": "play_stopped", "action_name": "暂停停止测试", "pose_index": 1}
{"time": "2026-05-14 01:48:29", "event": "play_pose", "mode": "仿真", "action_name": "夹爪测试", "pose_index": 2, "frame_index": 1, "frame_count": 1, "targets_deg": {"shoulder_pan": 0.0, "shoulder_lift": 0.0, "elbow_flex": 0.0, "wrist_flex": 0.0, "wrist_roll": 0.0}, "multi_turn_targets_continuous_raw": {"shoulder_lift": 0.0, "elbow_flex": 0.0, "wrist_roll": 0.0}, "ok": true, "message": "移动成功。"}
{"time": "2026-05-14 01:48:29", "event": "gripper", "pose_index": 2, "gripper_target": {"available": true, "present_raw": 2600, "open_ratio": 0.8, "open_percent": 80}, "ok": true, "message": "夹爪已设置为 80。"}
{"time": "2026-05-14 01:48:29", "event": "play_complete", "action_name": "夹爪测试"}
{"time": "2026-05-14 01:48:30", "event": "gripper", "pose_index": 1, "gripper_target": {"available": true, "present_raw": 2000, "open_ratio": 0.5, "open_percent": 50}, "ok": true, "message": "夹爪已设置为 50。"}
{"time": "2026-05-14 01:48:30", "event": "play_pose", "mode": "仿真", "action_name": "recorded_pose_sequence", "pose_index": 1, "frame_index": 1, "frame_count": 1, "targets_deg": {"shoulder_pan": 0.0, "shoulder_lift": 0.0, "elbow_flex": 0.0, "wrist_flex": 0.0, "wrist_roll": 0.0}, "multi_turn_targets_continuous_raw": {"shoulder_lift": 0.0, "elbow_flex": 0.0, "wrist_roll": 0.0}, "ok": true, "message": "移动成功。"}
{"time": "2026-05-14 01:48:31", "event": "gripper", "pose_index": 1, "gripper_target": {"available": true, "present_raw": 2000, "open_ratio": 0.5, "open_percent": 50}, "ok": true, "message": "夹爪已设置为 50。"}
{"time": "2026-05-14 01:48:32", "event": "play_pose", "mode": "仿真", "action_name": "recorded_pose_sequence", "pose_index": 2, "frame_index": 1, "frame_count": 1, "targets_deg": {"shoulder_pan": 0.0, "shoulder_lift": 0.0, "elbow_flex": 0.0, "wrist_flex": 0.0, "wrist_roll": 0.0}, "multi_turn_targets_continuous_raw": {"shoulder_lift": 0.0, "elbow_flex": 0.0, "wrist_roll": 0.0}, "ok": true, "message": "移动成功。"}
{"time": "2026-05-14 01:48:33", "event": "gripper", "pose_index": 2, "gripper_target": {"available": true, "present_raw": 2000, "open_ratio": 0.5, "open_percent": 50}, "ok": true, "message": "夹爪已设置为 50。"}
{"time": "2026-05-14 01:48:33", "event": "play_complete", "action_name": "recorded_pose_sequence"}
{"time": "2026-05-14 01:48:38", "event": "play_start", "mode": "dry-run", "action_name": "示例录制动作", "loop": false}
{"time": "2026-05-14 01:48:38", "event": "multi_turn_fallback", "action_name": "示例录制动作"}
{"time": "2026-05-14 01:48:38", "event": "play_pose", "mode": "dry-run", "action_name": "示例录制动作", "pose_index": 1, "frame_index": 1, "frame_count": 1, "targets_deg": {"shoulder_pan": 0.0, "shoulder_lift": 0.0, "elbow_flex": 0.0, "wrist_flex": 0.0, "wrist_roll": 0.0}, "multi_turn_targets_continuous_raw": null, "ok": true, "message": "移动命令已完成。"}
{"time": "2026-05-14 01:48:39", "event": "gripper", "pose_index": 1, "gripper_target": {"available": true, "present_raw": 1000, "open_ratio": 0.0, "open_percent": 0}, "ok": true, "message": "夹爪已设置为 0.0%。"}
{"time": "2026-05-14 01:48:39", "event": "play_pose", "mode": "dry-run", "action_name": "示例录制动作", "pose_index": 1, "frame_index": 1, "frame_count": 1, "targets_deg": {"shoulder_pan": 0.0, "shoulder_lift": 0.0, "elbow_flex": 0.0, "wrist_flex": 0.0, "wrist_roll": 0.0}, "multi_turn_targets_continuous_raw": null, "ok": true, "message": "移动命令已完成。"}
{"time": "2026-05-14 01:48:39", "event": "gripper", "pose_index": 1, "gripper_target": {"available": true, "present_raw": 1000, "open_ratio": 0.0, "open_percent": 0}, "ok": true, "message": "夹爪已设置为 0.0%。"}
{"time": "2026-05-14 01:48:39", "event": "play_pose", "mode": "dry-run", "action_name": "示例录制动作", "pose_index": 2, "frame_index": 1, "frame_count": 2, "targets_deg": {"shoulder_pan": -7.5, "shoulder_lift": 7.5, "elbow_flex": 12.5, "wrist_flex": 2.5, "wrist_roll": 5.0}, "multi_turn_targets_continuous_raw": null, "ok": true, "message": "移动命令已完成。"}
{"time": "2026-05-14 01:48:40", "event": "play_pose", "mode": "dry-run", "action_name": "示例录制动作", "pose_index": 2, "frame_index": 2, "frame_count": 2, "targets_deg": {"shoulder_pan": -15.0, "shoulder_lift": 15.0, "elbow_flex": 25.0, "wrist_flex": 5.0, "wrist_roll": 10.0}, "multi_turn_targets_continuous_raw": null, "ok": true, "message": "移动命令已完成。"}
{"time": "2026-05-14 01:48:40", "event": "gripper", "pose_index": 2, "gripper_target": {"available": true, "present_raw": 2000, "open_ratio": 0.5, "open_percent": 50}, "ok": true, "message": "夹爪已设置为 50.0%。"}
{"time": "2026-05-14 01:48:40", "event": "play_complete", "action_name": "示例录制动作"}
{"time": "2026-05-14 01:49:01", "event": "stop", "action_name": "测试动作", "ok": true, "message": "仿真已停止。"}
{"time": "2026-05-14 01:49:01", "event": "stop", "action_name": "测试动作", "ok": true, "message": "仿真已停止。"}
{"time": "2026-05-14 01:49:01", "event": "play_start", "mode": "仿真", "action_name": "测试动作", "loop": false}
{"time": "2026-05-14 21:43:26", "event": "play_start", "mode": "仿真", "action_name": "recorded_pose_sequence", "loop": false}
{"time": "2026-05-14 21:43:27", "event": "play_pose", "mode": "仿真", "action_name": "recorded_pose_sequence", "pose_index": 1, "frame_index": 1, "frame_count": 1, "targets_deg": {"shoulder_pan": 0.0, "shoulder_lift": 0.0, "elbow_flex": 0.0, "wrist_flex": 0.0, "wrist_roll": 0.0}, "multi_turn_targets_continuous_raw": {"shoulder_lift": 0.0, "elbow_flex": 0.0, "wrist_roll": 0.0}, "ok": true, "message": "移动成功。"}
{"time": "2026-05-14 21:43:28", "event": "gripper", "pose_index": 1, "gripper_target": {"available": true, "present_raw": 2000, "open_ratio": 0.5, "open_percent": 50}, "ok": true, "message": "夹爪已设置为 50。"}
{"time": "2026-05-14 21:43:28", "event": "play_pose", "mode": "仿真", "action_name": "recorded_pose_sequence", "pose_index": 1, "frame_index": 1, "frame_count": 1, "targets_deg": {"shoulder_pan": 0.0, "shoulder_lift": 0.0, "elbow_flex": 0.0, "wrist_flex": 0.0, "wrist_roll": 0.0}, "multi_turn_targets_continuous_raw": {"shoulder_lift": 0.0, "elbow_flex": 0.0, "wrist_roll": 0.0}, "ok": true, "message": "移动成功。"}
{"time": "2026-05-14 21:43:30", "event": "gripper", "pose_index": 1, "gripper_target": {"available": true, "present_raw": 2000, "open_ratio": 0.5, "open_percent": 50}, "ok": true, "message": "夹爪已设置为 50。"}
{"time": "2026-05-14 21:43:30", "event": "play_pose", "mode": "仿真", "action_name": "recorded_pose_sequence", "pose_index": 2, "frame_index": 1, "frame_count": 1, "targets_deg": {"shoulder_pan": 0.0, "shoulder_lift": 0.0, "elbow_flex": 0.0, "wrist_flex": 0.0, "wrist_roll": 0.0}, "multi_turn_targets_continuous_raw": {"shoulder_lift": 0.0, "elbow_flex": 0.0, "wrist_roll": 0.0}, "ok": true, "message": "移动成功。"}
{"time": "2026-05-14 21:43:32", "event": "gripper", "pose_index": 2, "gripper_target": {"available": true, "present_raw": 2000, "open_ratio": 0.5, "open_percent": 50}, "ok": true, "message": "夹爪已设置为 50。"}
{"time": "2026-05-14 21:43:32", "event": "play_complete", "action_name": "recorded_pose_sequence"}
{"time": "2026-05-14 21:43:41", "event": "play_start", "mode": "dry-run", "action_name": "示例录制动作", "loop": false}
{"time": "2026-05-14 21:43:41", "event": "multi_turn_fallback", "action_name": "示例录制动作"}
{"time": "2026-05-14 21:43:41", "event": "play_pose", "mode": "dry-run", "action_name": "示例录制动作", "pose_index": 1, "frame_index": 1, "frame_count": 1, "targets_deg": {"shoulder_pan": 0.0, "shoulder_lift": 0.0, "elbow_flex": 0.0, "wrist_flex": 0.0, "wrist_roll": 0.0}, "multi_turn_targets_continuous_raw": null, "ok": true, "message": "移动命令已完成。"}
{"time": "2026-05-14 21:43:41", "event": "gripper", "pose_index": 1, "gripper_target": {"available": true, "present_raw": 1000, "open_ratio": 0.0, "open_percent": 0}, "ok": true, "message": "夹爪已设置为 0.0%。"}
{"time": "2026-05-14 21:43:41", "event": "play_pose", "mode": "dry-run", "action_name": "示例录制动作", "pose_index": 1, "frame_index": 1, "frame_count": 1, "targets_deg": {"shoulder_pan": 0.0, "shoulder_lift": 0.0, "elbow_flex": 0.0, "wrist_flex": 0.0, "wrist_roll": 0.0}, "multi_turn_targets_continuous_raw": null, "ok": true, "message": "移动命令已完成。"}
{"time": "2026-05-14 21:43:42", "event": "gripper", "pose_index": 1, "gripper_target": {"available": true, "present_raw": 1000, "open_ratio": 0.0, "open_percent": 0}, "ok": true, "message": "夹爪已设置为 0.0%。"}
{"time": "2026-05-14 21:43:42", "event": "play_pose", "mode": "dry-run", "action_name": "示例录制动作", "pose_index": 2, "frame_index": 1, "frame_count": 2, "targets_deg": {"shoulder_pan": -7.5, "shoulder_lift": 7.5, "elbow_flex": 12.5, "wrist_flex": 2.5, "wrist_roll": 5.0}, "multi_turn_targets_continuous_raw": null, "ok": true, "message": "移动命令已完成。"}
{"time": "2026-05-14 21:43:42", "event": "play_pose", "mode": "dry-run", "action_name": "示例录制动作", "pose_index": 2, "frame_index": 2, "frame_count": 2, "targets_deg": {"shoulder_pan": -15.0, "shoulder_lift": 15.0, "elbow_flex": 25.0, "wrist_flex": 5.0, "wrist_roll": 10.0}, "multi_turn_targets_continuous_raw": null, "ok": true, "message": "移动命令已完成。"}
{"time": "2026-05-14 21:43:43", "event": "gripper", "pose_index": 2, "gripper_target": {"available": true, "present_raw": 2000, "open_ratio": 0.5, "open_percent": 50}, "ok": true, "message": "夹爪已设置为 50.0%。"}
{"time": "2026-05-14 21:43:43", "event": "play_complete", "action_name": "示例录制动作"}
{"time": "2026-05-14 21:48:55", "event": "play_start", "mode": "仿真", "action_name": "recorded_pose_sequence", "loop": false}
{"time": "2026-05-14 21:48:56", "event": "play_pose", "mode": "仿真", "action_name": "recorded_pose_sequence", "pose_index": 1, "frame_index": 1, "frame_count": 1, "targets_deg": {"shoulder_pan": 0.0, "shoulder_lift": 0.0, "elbow_flex": 0.0, "wrist_flex": 0.0, "wrist_roll": 0.0}, "multi_turn_targets_continuous_raw": {"shoulder_lift": 0.0, "elbow_flex": 0.0, "wrist_roll": 0.0}, "ok": true, "message": "移动成功。"}
{"time": "2026-05-14 21:48:57", "event": "gripper", "pose_index": 1, "gripper_target": {"available": true, "present_raw": 2000, "open_ratio": 0.5, "open_percent": 50}, "ok": true, "message": "夹爪已设置为 50。"}
{"time": "2026-05-14 21:48:57", "event": "play_pose", "mode": "仿真", "action_name": "recorded_pose_sequence", "pose_index": 1, "frame_index": 1, "frame_count": 1, "targets_deg": {"shoulder_pan": 0.0, "shoulder_lift": 0.0, "elbow_flex": 0.0, "wrist_flex": 0.0, "wrist_roll": 0.0}, "multi_turn_targets_continuous_raw": {"shoulder_lift": 0.0, "elbow_flex": 0.0, "wrist_roll": 0.0}, "ok": true, "message": "移动成功。"}
{"time": "2026-05-14 21:48:59", "event": "gripper", "pose_index": 1, "gripper_target": {"available": true, "present_raw": 2000, "open_ratio": 0.5, "open_percent": 50}, "ok": true, "message": "夹爪已设置为 50。"}
{"time": "2026-05-14 21:49:00", "event": "play_pose", "mode": "仿真", "action_name": "recorded_pose_sequence", "pose_index": 2, "frame_index": 1, "frame_count": 1, "targets_deg": {"shoulder_pan": 0.0, "shoulder_lift": 0.0, "elbow_flex": 0.0, "wrist_flex": 0.0, "wrist_roll": 0.0}, "multi_turn_targets_continuous_raw": {"shoulder_lift": 0.0, "elbow_flex": 0.0, "wrist_roll": 0.0}, "ok": true, "message": "移动成功。"}
{"time": "2026-05-14 21:49:01", "event": "gripper", "pose_index": 2, "gripper_target": {"available": true, "present_raw": 2000, "open_ratio": 0.5, "open_percent": 50}, "ok": true, "message": "夹爪已设置为 50。"}
{"time": "2026-05-14 21:49:01", "event": "play_complete", "action_name": "recorded_pose_sequence"}
{"time": "2026-05-14 21:49:02", "event": "play_start", "mode": "dry-run", "action_name": "示例录制动作", "loop": false}
{"time": "2026-05-14 21:49:02", "event": "multi_turn_fallback", "action_name": "示例录制动作"}
{"time": "2026-05-14 21:49:02", "event": "play_pose", "mode": "dry-run", "action_name": "示例录制动作", "pose_index": 1, "frame_index": 1, "frame_count": 1, "targets_deg": {"shoulder_pan": 0.0, "shoulder_lift": 0.0, "elbow_flex": 0.0, "wrist_flex": 0.0, "wrist_roll": 0.0}, "multi_turn_targets_continuous_raw": null, "ok": true, "message": "移动命令已完成。"}
{"time": "2026-05-14 21:49:02", "event": "gripper", "pose_index": 1, "gripper_target": {"available": true, "present_raw": 1000, "open_ratio": 0.0, "open_percent": 0}, "ok": true, "message": "夹爪已设置为 0.0%。"}
{"time": "2026-05-14 21:49:02", "event": "play_pose", "mode": "dry-run", "action_name": "示例录制动作", "pose_index": 1, "frame_index": 1, "frame_count": 1, "targets_deg": {"shoulder_pan": 0.0, "shoulder_lift": 0.0, "elbow_flex": 0.0, "wrist_flex": 0.0, "wrist_roll": 0.0}, "multi_turn_targets_continuous_raw": null, "ok": true, "message": "移动命令已完成。"}
{"time": "2026-05-14 21:49:03", "event": "gripper", "pose_index": 1, "gripper_target": {"available": true, "present_raw": 1000, "open_ratio": 0.0, "open_percent": 0}, "ok": true, "message": "夹爪已设置为 0.0%。"}
{"time": "2026-05-14 21:49:03", "event": "play_pose", "mode": "dry-run", "action_name": "示例录制动作", "pose_index": 2, "frame_index": 1, "frame_count": 2, "targets_deg": {"shoulder_pan": -7.5, "shoulder_lift": 7.5, "elbow_flex": 12.5, "wrist_flex": 2.5, "wrist_roll": -5.0}, "multi_turn_targets_continuous_raw": null, "ok": true, "message": "移动命令已完成。"}
{"time": "2026-05-14 21:49:03", "event": "play_pose", "mode": "dry-run", "action_name": "示例录制动作", "pose_index": 2, "frame_index": 2, "frame_count": 2, "targets_deg": {"shoulder_pan": -15.0, "shoulder_lift": 15.0, "elbow_flex": 25.0, "wrist_flex": 5.0, "wrist_roll": -10.0}, "multi_turn_targets_continuous_raw": null, "ok": true, "message": "移动命令已完成。"}
{"time": "2026-05-14 21:49:03", "event": "gripper", "pose_index": 2, "gripper_target": {"available": true, "present_raw": 2000, "open_ratio": 0.5, "open_percent": 50}, "ok": true, "message": "夹爪已设置为 50.0%。"}
{"time": "2026-05-14 21:49:03", "event": "play_complete", "action_name": "示例录制动作"}
{"time": "2026-05-14 21:49:04", "event": "play_start", "mode": "仿真", "action_name": "夹爪测试", "loop": false}
{"time": "2026-05-14 21:49:04", "event": "play_pose", "mode": "仿真", "action_name": "夹爪测试", "pose_index": 1, "frame_index": 1, "frame_count": 1, "targets_deg": {"shoulder_pan": 0.0, "shoulder_lift": 0.0, "elbow_flex": 0.0, "wrist_flex": 0.0, "wrist_roll": 0.0}, "multi_turn_targets_continuous_raw": {"shoulder_lift": 0.0, "elbow_flex": 0.0, "wrist_roll": 0.0}, "ok": true, "message": "移动成功。"}
{"time": "2026-05-14 21:49:05", "event": "gripper", "pose_index": 1, "gripper_target": {"available": true, "present_raw": 1200, "open_ratio": 0.1, "open_percent": 10}, "ok": true, "message": "夹爪已设置为 10。"}
{"time": "2026-05-14 21:49:05", "event": "play_pose", "mode": "仿真", "action_name": "夹爪测试", "pose_index": 1, "frame_index": 1, "frame_count": 1, "targets_deg": {"shoulder_pan": 0.0, "shoulder_lift": 0.0, "elbow_flex": 0.0, "wrist_flex": 0.0, "wrist_roll": 0.0}, "multi_turn_targets_continuous_raw": {"shoulder_lift": 0.0, "elbow_flex": 0.0, "wrist_roll": 0.0}, "ok": true, "message": "移动成功。"}
{"time": "2026-05-14 21:49:05", "event": "gripper", "pose_index": 1, "gripper_target": {"available": true, "present_raw": 1200, "open_ratio": 0.1, "open_percent": 10}, "ok": true, "message": "夹爪已设置为 10。"}
{"time": "2026-05-14 21:49:06", "event": "play_pose", "mode": "仿真", "action_name": "夹爪测试", "pose_index": 2, "frame_index": 1, "frame_count": 1, "targets_deg": {"shoulder_pan": 0.0, "shoulder_lift": 0.0, "elbow_flex": 0.0, "wrist_flex": 0.0, "wrist_roll": 0.0}, "multi_turn_targets_continuous_raw": {"shoulder_lift": 0.0, "elbow_flex": 0.0, "wrist_roll": 0.0}, "ok": true, "message": "移动成功。"}
{"time": "2026-05-14 21:49:06", "event": "gripper", "pose_index": 2, "gripper_target": {"available": true, "present_raw": 2600, "open_ratio": 0.8, "open_percent": 80}, "ok": true, "message": "夹爪已设置为 80。"}
{"time": "2026-05-14 21:49:06", "event": "play_complete", "action_name": "夹爪测试"}
{"time": "2026-05-14 21:49:07", "event": "play_start", "mode": "仿真", "action_name": "暂停停止测试", "loop": false}
{"time": "2026-05-14 21:49:07", "event": "pause", "action_name": "暂停停止测试"}
{"time": "2026-05-14 21:49:07", "event": "resume", "action_name": "暂停停止测试"}
{"time": "2026-05-14 21:49:07", "event": "play_pose", "mode": "仿真", "action_name": "暂停停止测试", "pose_index": 1, "frame_index": 1, "frame_count": 2, "targets_deg": {"shoulder_pan": -15.0, "shoulder_lift": -15.0, "elbow_flex": -15.0, "wrist_flex": -15.0, "wrist_roll": -15.0}, "multi_turn_targets_continuous_raw": null, "ok": true, "message": "移动成功。"}
{"time": "2026-05-14 21:49:07", "event": "stop", "action_name": "暂停停止测试", "ok": true, "message": "仿真已停止。"}
{"time": "2026-05-14 21:51:01", "event": "stop", "action_name": "", "ok": true, "message": "仿真已停止。"}
{"time": "2026-05-14 21:51:01", "event": "stop", "action_name": "", "ok": true, "message": "已保持当前位置。"}
{"time": "2026-05-15 16:39:46", "event": "play_start", "mode": "dry-run", "action_name": "展示动作_增强", "loop": false}
{"time": "2026-05-15 16:39:46", "event": "multi_turn_fallback", "action_name": "展示动作_增强"}
{"time": "2026-05-15 16:39:46", "event": "play_pose", "mode": "dry-run", "action_name": "展示动作_增强", "pose_index": 1, "frame_index": 1, "frame_count": 1, "targets_deg": {"shoulder_pan": 0.0, "shoulder_lift": 0.0, "elbow_flex": 0.0, "wrist_flex": 0.0, "wrist_roll": 0.0}, "multi_turn_targets_continuous_raw": null, "ok": true, "message": "移动命令已完成。"}
{"time": "2026-05-15 16:39:46", "event": "stop", "action_name": "展示动作_增强", "ok": true, "message": "已保持当前位置。"}
{"time": "2026-05-15 16:39:46", "event": "gripper", "pose_index": 1, "gripper_target": {"available": true, "present_raw": 2000, "open_ratio": 0.5, "open_percent": 50}, "ok": true, "message": "夹爪已设置为 50.0%。"}
{"time": "2026-05-15 16:39:46", "event": "play_stopped", "action_name": "展示动作_增强", "pose_index": 1}
{"time": "2026-05-15 16:42:15", "event": "play_start", "mode": "dry-run", "action_name": "展示动作_增强", "loop": false}
{"time": "2026-05-15 16:42:15", "event": "multi_turn_fallback", "action_name": "展示动作_增强"}
{"time": "2026-05-15 16:42:15", "event": "play_pose", "mode": "dry-run", "action_name": "展示动作_增强", "pose_index": 1, "frame_index": 1, "frame_count": 1, "targets_deg": {"shoulder_pan": 0.0, "shoulder_lift": 0.0, "elbow_flex": 0.0, "wrist_flex": 0.0, "wrist_roll": 0.0}, "multi_turn_targets_continuous_raw": null, "ok": true, "message": "移动命令已完成。"}
{"time": "2026-05-15 16:42:16", "event": "stop", "action_name": "展示动作_增强", "ok": true, "message": "已保持当前位置。"}
{"time": "2026-05-15 16:42:16", "event": "gripper", "pose_index": 1, "gripper_target": {"available": true, "present_raw": 2000, "open_ratio": 0.5, "open_percent": 50}, "ok": true, "message": "夹爪已设置为 50.0%。"}
{"time": "2026-05-15 16:42:16", "event": "play_stopped", "action_name": "展示动作_增强", "pose_index": 1}
{"time": "2026-05-15 16:43:13", "event": "stop", "action_name": "展示动作_增强", "ok": true, "message": "已保持当前位置。"}
